<?xml version="1.0" encoding="UTF-8" standalone="yes"?><!DOCTYPE report PUBLIC "-//JACOCO//DTD Report 1.1//EN" "report.dtd"><report name="hu.bme.mit.spaceship"><sessioninfo id="ftsrglab-a84c3a08" start="1715339583666" dump="1715339586183"/><sessioninfo id="ftsrglab-b3ebeaa4" start="1715339957055" dump="1715339959551"/><sessioninfo id="ftsrglab-9969e423" start="1715340157908" dump="1715340160186"/><package name="hu/bme/mit/spaceship"><class name="hu/bme/mit/spaceship/TorpedoStore" sourcefilename="TorpedoStore.java"><method name="&lt;init&gt;" desc="(I)V" line="13"><counter type="INSTRUCTION" missed="31" covered="0"/><counter type="BRANCH" missed="2" covered="0"/><counter type="LINE" missed="11" covered="0"/><counter type="COMPLEXITY" missed="2" covered="0"/><counter type="METHOD" missed="1" covered="0"/></method><method name="fire" desc="(I)Z" line="32"><counter type="INSTRUCTION" missed="38" covered="0"/><counter type="BRANCH" missed="6" covered="0"/><counter type="LINE" missed="11" covered="0"/><counter type="COMPLEXITY" missed="4" covered="0"/><counter type="METHOD" missed="1" covered="0"/></method><method name="isEmpty" desc="()Z" line="55"><counter type="INSTRUCTION" missed="7" covered="0"/><counter type="BRANCH" missed="2" covered="0"/><counter type="LINE" missed="1" covered="0"/><counter type="COMPLEXITY" missed="2" covered="0"/><counter type="METHOD" missed="1" covered="0"/></method><method name="getTorpedoCount" desc="()I" line="59"><counter type="INSTRUCTION" missed="3" covered="0"/><counter type="LINE" missed="1" covered="0"/><counter type="COMPLEXITY" missed="1" covered="0"/><counter type="METHOD" missed="1" covered="0"/></method><counter type="INSTRUCTION" missed="79" covered="0"/><counter type="BRANCH" missed="10" covered="0"/><counter type="LINE" missed="24" covered="0"/><counter type="COMPLEXITY" missed="9" covered="0"/><counter type="METHOD" missed="4" covered="0"/><counter type="CLASS" missed="1" covered="0"/></class><class name="hu/bme/mit/spaceship/GT4500" sourcefilename="GT4500.java"><method name="&lt;init&gt;" desc="(Lhu/bme/mit/spaceship/TorpedoStore;Lhu/bme/mit/spaceship/TorpedoStore;)V" line="11"><counter type="INSTRUCTION" missed="0" covered="12"/><counter type="LINE" missed="0" covered="5"/><counter type="COMPLEXITY" missed="0" covered="1"/><counter type="METHOD" missed="0" covered="1"/></method><method name="fireLaser" desc="(Lhu/bme/mit/spaceship/FiringMode;)Z" line="21"><counter type="INSTRUCTION" missed="2" covered="0"/><counter type="LINE" missed="1" covered="0"/><counter type="COMPLEXITY" missed="1" covered="0"/><counter type="METHOD" missed="1" covered="0"/></method><method name="fireTorpedo" desc="(Lhu/bme/mit/spaceship/FiringMode;)Z" line="40"><counter type="INSTRUCTION" missed="0" covered="74"/><counter type="BRANCH" missed="1" covered="12"/><counter type="LINE" missed="0" covered="22"/><counter type="COMPLEXITY" missed="1" covered="7"/><counter type="METHOD" missed="0" covered="1"/></method><counter type="INSTRUCTION" missed="2" covered="86"/><counter type="BRANCH" missed="1" covered="12"/><counter type="LINE" missed="1" covered="27"/><counter type="COMPLEXITY" missed="2" covered="8"/><counter type="METHOD" missed="1" covered="2"/><counter type="CLASS" missed="0" covered="1"/></class><class name="hu/bme/mit/spaceship/SpaceShip" sourcefilename="SpaceShip.java"/><class name="hu/bme/mit/spaceship/FiringMode" sourcefilename="FiringMode.java"><method name="&lt;clinit&gt;" desc="()V" line="7"><counter type="INSTRUCTION" missed="0" covered="24"/><counter type="LINE" missed="0" covered="2"/><counter type="COMPLEXITY" missed="0" covered="1"/><counter type="METHOD" missed="0" covered="1"/></method><counter type="INSTRUCTION" missed="0" covered="24"/><counter type="LINE" missed="0" covered="2"/><counter type="COMPLEXITY" missed="0" covered="1"/><counter type="METHOD" missed="0" covered="1"/><counter type="CLASS" missed="0" covered="1"/></class><sourcefile name="FiringMode.java"><line nr="7" mi="0" ci="12" mb="0" cb="0"/><line nr="8" mi="0" ci="12" mb="0" cb="0"/><counter type="INSTRUCTION" missed="0" covered="24"/><counter type="LINE" missed="0" covered="2"/><counter type="COMPLEXITY" missed="0" covered="1"/><counter type="METHOD" missed="0" covered="1"/><counter type="CLASS" missed="0" covered="1"/></sourcefile><sourcefile name="GT4500.java"><line nr="11" mi="0" ci="3" mb="0" cb="0"/><line nr="13" mi="0" ci="2" mb="0" cb="0"/><line nr="14" mi="0" ci="3" mb="0" cb="0"/><line nr="15" mi="0" ci="3" mb="0" cb="0"/><line nr="16" mi="0" ci="1" mb="0" cb="0"/><line nr="21" mi="2" ci="0" mb="0" cb="0"/><line nr="40" mi="0" ci="2" mb="0" cb="0"/><line nr="42" mi="0" ci="5" mb="1" cb="2"/><line nr="44" mi="0" ci="3" mb="0" cb="2"/><line nr="46" mi="0" ci="4" mb="0" cb="2"/><line nr="47" mi="0" ci="5" mb="0" cb="0"/><line nr="48" mi="0" ci="3" mb="0" cb="0"/><line nr="49" mi="0" ci="1" mb="0" cb="0"/><line nr="53" mi="0" ci="4" mb="0" cb="2"/><line nr="54" mi="0" ci="5" mb="0" cb="0"/><line nr="55" mi="0" ci="3" mb="0" cb="0"/><line nr="60" mi="0" ci="1" mb="0" cb="0"/><line nr="63" mi="0" ci="4" mb="0" cb="2"/><line nr="64" mi="0" ci="5" mb="0" cb="0"/><line nr="65" mi="0" ci="3" mb="0" cb="0"/><line nr="66" mi="0" ci="1" mb="0" cb="0"/><line nr="70" mi="0" ci="4" mb="0" cb="2"/><line nr="71" mi="0" ci="5" mb="0" cb="0"/><line nr="72" mi="0" ci="3" mb="0" cb="0"/><line nr="78" mi="0" ci="1" mb="0" cb="0"/><line nr="83" mi="0" ci="5" mb="0" cb="0"/><line nr="84" mi="0" ci="5" mb="0" cb="0"/><line nr="91" mi="0" ci="2" mb="0" cb="0"/><counter type="INSTRUCTION" missed="2" covered="86"/><counter type="BRANCH" missed="1" covered="12"/><counter type="LINE" missed="1" covered="27"/><counter type="COMPLEXITY" missed="2" covered="8"/><counter type="METHOD" missed="1" covered="2"/><counter type="CLASS" missed="0" covered="1"/></sourcefile><sourcefile name="SpaceShip.java"/><sourcefile name="TorpedoStore.java"><line nr="13" mi="3" ci="0" mb="0" cb="0"/><line nr="14" mi="5" ci="0" mb="0" cb="0"/><line nr="15" mi="3" ci="0" mb="0" cb="0"/><line nr="17" mi="2" ci="0" mb="0" cb="0"/><line nr="18" mi="3" ci="0" mb="0" cb="0"/><line nr="21" mi="3" ci="0" mb="0" cb="0"/><line nr="22" mi="2" ci="0" mb="2" cb="0"/><line nr="24" mi="4" ci="0" mb="0" cb="0"/><line nr="25" mi="2" ci="0" mb="0" cb="0"/><line nr="26" mi="3" ci="0" mb="0" cb="0"/><line nr="29" mi="1" ci="0" mb="0" cb="0"/><line nr="32" mi="7" ci="0" mb="4" cb="0"/><line nr="33" mi="5" ci="0" mb="0" cb="0"/><line nr="36" mi="2" ci="0" mb="0" cb="0"/><line nr="39" mi="3" ci="0" mb="0" cb="0"/><line nr="40" mi="3" ci="0" mb="0" cb="0"/><line nr="42" mi="5" ci="0" mb="2" cb="0"/><line nr="44" mi="6" ci="0" mb="0" cb="0"/><line nr="45" mi="2" ci="0" mb="0" cb="0"/><line nr="46" mi="1" ci="0" mb="0" cb="0"/><line nr="48" mi="2" ci="0" mb="0" cb="0"/><line nr="51" mi="2" ci="0" mb="0" cb="0"/><line nr="55" mi="7" ci="0" mb="2" cb="0"/><line nr="59" mi="3" ci="0" mb="0" cb="0"/><counter type="INSTRUCTION" missed="79" covered="0"/><counter type="BRANCH" missed="10" covered="0"/><counter type="LINE" missed="24" covered="0"/><counter type="COMPLEXITY" missed="9" covered="0"/><counter type="METHOD" missed="4" covered="0"/><counter type="CLASS" missed="1" covered="0"/></sourcefile><counter type="INSTRUCTION" missed="81" covered="110"/><counter type="BRANCH" missed="11" covered="12"/><counter type="LINE" missed="25" covered="29"/><counter type="COMPLEXITY" missed="11" covered="9"/><counter type="METHOD" missed="5" covered="3"/><counter type="CLASS" missed="1" covered="2"/></package><counter type="INSTRUCTION" missed="81" covered="110"/><counter type="BRANCH" missed="11" covered="12"/><counter type="LINE" missed="25" covered="29"/><counter type="COMPLEXITY" missed="11" covered="9"/><counter type="METHOD" missed="5" covered="3"/><counter type="CLASS" missed="1" covered="2"/></report>